4W_Infotainment/333333/build/Qt_5_15_2_for_Android_Multi_Abi-Debug/android-build/build/intermediates/manifest_merge_blame_file/debug/manifest-merger-blame-debug-report.txt
1<?xml version="1.0" encoding="utf-8"?>
2<manifest xmlns:android="http://schemas.android.com/apk/res/android"
3    package="org.qtproject.example"
4    android:installLocation="auto"
5    android:versionCode="1"
6    android:versionName="1.0" >
7
8    <uses-sdk
9        android:minSdkVersion="21"
9-->Qt_5_15_2_for_Android_Multi_Abi-Debug/android-build/AndroidManifest.xml
10        android:targetSdkVersion="36" />
10-->Qt_5_15_2_for_Android_Multi_Abi-Debug/android-build/AndroidManifest.xml
11
12    <!-- Qt auto-injected permissions -->
13    <uses-permission android:name="android.permission.INTERNET" />
13-->Qt_5_15_2_for_Android_Multi_Abi-Debug/android-build/AndroidManifest.xml:10:5-67
13-->Qt_5_15_2_for_Android_Multi_Abi-Debug/android-build/AndroidManifest.xml:10:22-64
14    <uses-permission android:name="android.permission.WRITE_EXTERNAL_STORAGE" />
14-->Qt_5_15_2_for_Android_Multi_Abi-Debug/android-build/AndroidManifest.xml:11:5-81
14-->Qt_5_15_2_for_Android_Multi_Abi-Debug/android-build/AndroidManifest.xml:11:22-78
15    <uses-permission android:name="android.permission.ACCESS_NETWORK_STATE" />
15-->Qt_5_15_2_for_Android_Multi_Abi-Debug/android-build/AndroidManifest.xml:12:5-79
15-->Qt_5_15_2_for_Android_Multi_Abi-Debug/android-build/AndroidManifest.xml:12:22-76
16    <uses-permission android:name="android.permission.CAMERA" />
16-->Qt_5_15_2_for_Android_Multi_Abi-Debug/android-build/AndroidManifest.xml:13:5-65
16-->Qt_5_15_2_for_Android_Multi_Abi-Debug/android-build/AndroidManifest.xml:13:22-62
17    <uses-permission android:name="android.permission.RECORD_AUDIO" />
17-->Qt_5_15_2_for_Android_Multi_Abi-Debug/android-build/AndroidManifest.xml:14:5-71
17-->Qt_5_15_2_for_Android_Multi_Abi-Debug/android-build/AndroidManifest.xml:14:22-68
18    <uses-permission android:name="android.permission.ACCESS_FINE_LOCATION" />
18-->Qt_5_15_2_for_Android_Multi_Abi-Debug/android-build/AndroidManifest.xml:15:5-79
18-->Qt_5_15_2_for_Android_Multi_Abi-Debug/android-build/AndroidManifest.xml:15:22-76
19
20    <!-- Qt auto-injected features -->
21    <uses-feature
21-->Qt_5_15_2_for_Android_Multi_Abi-Debug/android-build/AndroidManifest.xml:18:5-85
22        android:name="android.hardware.camera"
22-->Qt_5_15_2_for_Android_Multi_Abi-Debug/android-build/AndroidManifest.xml:18:19-57
23        android:required="false" />
23-->Qt_5_15_2_for_Android_Multi_Abi-Debug/android-build/AndroidManifest.xml:18:58-82
24    <uses-feature
24-->Qt_5_15_2_for_Android_Multi_Abi-Debug/android-build/AndroidManifest.xml:19:5-95
25        android:name="android.hardware.camera.autofocus"
25-->Qt_5_15_2_for_Android_Multi_Abi-Debug/android-build/AndroidManifest.xml:19:19-67
26        android:required="false" />
26-->Qt_5_15_2_for_Android_Multi_Abi-Debug/android-build/AndroidManifest.xml:19:68-92
27    <uses-feature
27-->Qt_5_15_2_for_Android_Multi_Abi-Debug/android-build/AndroidManifest.xml:20:5-89
28        android:name="android.hardware.microphone"
28-->Qt_5_15_2_for_Android_Multi_Abi-Debug/android-build/AndroidManifest.xml:20:19-61
29        android:required="false" />
29-->Qt_5_15_2_for_Android_Multi_Abi-Debug/android-build/AndroidManifest.xml:20:62-86
30    <uses-feature
30-->Qt_5_15_2_for_Android_Multi_Abi-Debug/android-build/AndroidManifest.xml:21:5-91
31        android:name="android.hardware.location.gps"
31-->Qt_5_15_2_for_Android_Multi_Abi-Debug/android-build/AndroidManifest.xml:21:19-63
32        android:required="false" />
32-->Qt_5_15_2_for_Android_Multi_Abi-Debug/android-build/AndroidManifest.xml:21:64-88
33
34    <!-- PERMISSIONS FOR CALL - MUST BE HERE -->
35    <uses-permission android:name="android.permission.CALL_PHONE" />
35-->Qt_5_15_2_for_Android_Multi_Abi-Debug/android-build/AndroidManifest.xml:24:5-68
35-->Qt_5_15_2_for_Android_Multi_Abi-Debug/android-build/AndroidManifest.xml:24:22-66
36    <uses-permission android:name="android.permission.READ_CONTACTS" />
36-->Qt_5_15_2_for_Android_Multi_Abi-Debug/android-build/AndroidManifest.xml:25:5-71
36-->Qt_5_15_2_for_Android_Multi_Abi-Debug/android-build/AndroidManifest.xml:25:22-69
37
38    <!-- ADD THIS PERMISSION FOR WINDOW OVERLAY -->
39    <uses-permission android:name="android.permission.SYSTEM_ALERT_WINDOW" />
39-->Qt_5_15_2_for_Android_Multi_Abi-Debug/android-build/AndroidManifest.xml:28:5-77
39-->Qt_5_15_2_for_Android_Multi_Abi-Debug/android-build/AndroidManifest.xml:28:22-75
40
41    <supports-screens
41-->Qt_5_15_2_for_Android_Multi_Abi-Debug/android-build/AndroidManifest.xml:30:5-34:37
42        android:anyDensity="true"
42-->Qt_5_15_2_for_Android_Multi_Abi-Debug/android-build/AndroidManifest.xml:34:9-34
43        android:largeScreens="true"
43-->Qt_5_15_2_for_Android_Multi_Abi-Debug/android-build/AndroidManifest.xml:33:9-36
44        android:normalScreens="true"
44-->Qt_5_15_2_for_Android_Multi_Abi-Debug/android-build/AndroidManifest.xml:32:9-37
45        android:smallScreens="true" />
45-->Qt_5_15_2_for_Android_Multi_Abi-Debug/android-build/AndroidManifest.xml:31:9-36
46
47    <uses-permission android:name="android.permission.RECEIVE_BOOT_COMPLETED" />
47-->Qt_5_15_2_for_Android_Multi_Abi-Debug/android-build/AndroidManifest.xml:36:5-80
47-->Qt_5_15_2_for_Android_Multi_Abi-Debug/android-build/AndroidManifest.xml:36:22-78
48    <uses-permission android:name="android.permission.WAKE_LOCK" />
48-->Qt_5_15_2_for_Android_Multi_Abi-Debug/android-build/AndroidManifest.xml:38:5-67
48-->Qt_5_15_2_for_Android_Multi_Abi-Debug/android-build/AndroidManifest.xml:38:22-65
49    <uses-permission android:name="android.permission.MODIFY_AUDIO_SETTINGS" />
49-->Qt_5_15_2_for_Android_Multi_Abi-Debug/android-build/AndroidManifest.xml:39:5-79
49-->Qt_5_15_2_for_Android_Multi_Abi-Debug/android-build/AndroidManifest.xml:39:22-77
50
51    <!-- WiFi Permissions -->
52    <uses-permission android:name="android.permission.ACCESS_WIFI_STATE" />
52-->Qt_5_15_2_for_Android_Multi_Abi-Debug/android-build/AndroidManifest.xml:42:5-76
52-->Qt_5_15_2_for_Android_Multi_Abi-Debug/android-build/AndroidManifest.xml:42:22-73
53    <uses-permission android:name="android.permission.CHANGE_WIFI_STATE" />
53-->Qt_5_15_2_for_Android_Multi_Abi-Debug/android-build/AndroidManifest.xml:43:5-76
53-->Qt_5_15_2_for_Android_Multi_Abi-Debug/android-build/AndroidManifest.xml:43:22-73
54    <uses-permission android:name="android.permission.ACCESS_NETWORK_STATE" />
54-->Qt_5_15_2_for_Android_Multi_Abi-Debug/android-build/AndroidManifest.xml:12:5-79
54-->Qt_5_15_2_for_Android_Multi_Abi-Debug/android-build/AndroidManifest.xml:12:22-76
55    <uses-permission android:name="android.permission.INTERNET" />
55-->Qt_5_15_2_for_Android_Multi_Abi-Debug/android-build/AndroidManifest.xml:10:5-67
55-->Qt_5_15_2_for_Android_Multi_Abi-Debug/android-build/AndroidManifest.xml:10:22-64
56    <uses-permission android:name="android.permission.CHANGE_WIFI_MULTICAST_STATE" />
56-->Qt_5_15_2_for_Android_Multi_Abi-Debug/android-build/AndroidManifest.xml:46:5-85
56-->Qt_5_15_2_for_Android_Multi_Abi-Debug/android-build/AndroidManifest.xml:46:22-83
57
58    <application
58-->Qt_5_15_2_for_Android_Multi_Abi-Debug/android-build/AndroidManifest.xml:49:5-159:19
59        android:name="org.qtproject.qt5.android.bindings.QtApplication"
59-->Qt_5_15_2_for_Android_Multi_Abi-Debug/android-build/AndroidManifest.xml:50:9-72
60        android:allowBackup="false"
60-->Qt_5_15_2_for_Android_Multi_Abi-Debug/android-build/AndroidManifest.xml:54:9-36
61        android:debuggable="true"
62        android:extractNativeLibs="true"
62-->Qt_5_15_2_for_Android_Multi_Abi-Debug/android-build/AndroidManifest.xml:53:9-41
63        android:hardwareAccelerated="true"
63-->Qt_5_15_2_for_Android_Multi_Abi-Debug/android-build/AndroidManifest.xml:52:9-43
64        android:label="CarInfotainment"
64-->Qt_5_15_2_for_Android_Multi_Abi-Debug/android-build/AndroidManifest.xml:51:9-40
65        android:persistent="true"
65-->Qt_5_15_2_for_Android_Multi_Abi-Debug/android-build/AndroidManifest.xml:55:9-34
66        android:supportsRtl="false" >
66-->Qt_5_15_2_for_Android_Multi_Abi-Debug/android-build/AndroidManifest.xml:56:9-36
67        <activity
67-->Qt_5_15_2_for_Android_Multi_Abi-Debug/android-build/AndroidManifest.xml:58:9-147:20
68            android:name="org.qtproject.qt5.android.bindings.QtActivity"
68-->Qt_5_15_2_for_Android_Multi_Abi-Debug/android-build/AndroidManifest.xml:59:13-73
69            android:configChanges="orientation|uiMode|screenLayout|screenSize|smallestScreenSize|layoutDirection|locale|fontScale|keyboard|keyboardHidden|navigation|mcc|mnc|density"
69-->Qt_5_15_2_for_Android_Multi_Abi-Debug/android-build/AndroidManifest.xml:65:13-182
70            android:exported="true"
70-->Qt_5_15_2_for_Android_Multi_Abi-Debug/android-build/AndroidManifest.xml:63:13-36
71            android:label="CarInfotainment"
71-->Qt_5_15_2_for_Android_Multi_Abi-Debug/android-build/AndroidManifest.xml:60:13-44
72            android:launchMode="singleTask"
72-->Qt_5_15_2_for_Android_Multi_Abi-Debug/android-build/AndroidManifest.xml:61:13-44
73            android:screenOrientation="landscape"
73-->Qt_5_15_2_for_Android_Multi_Abi-Debug/android-build/AndroidManifest.xml:62:13-50
74            android:theme="@android:style/Theme.NoTitleBar.Fullscreen" >
74-->Qt_5_15_2_for_Android_Multi_Abi-Debug/android-build/AndroidManifest.xml:64:13-71
75
76            <!-- MAIN + HOME + DEFAULT -->
77            <intent-filter>
77-->Qt_5_15_2_for_Android_Multi_Abi-Debug/android-build/AndroidManifest.xml:68:13-72:29
78                <action android:name="android.intent.action.MAIN" />
78-->Qt_5_15_2_for_Android_Multi_Abi-Debug/android-build/AndroidManifest.xml:69:17-69
78-->Qt_5_15_2_for_Android_Multi_Abi-Debug/android-build/AndroidManifest.xml:69:25-66
79
80                <category android:name="android.intent.category.HOME" />
80-->Qt_5_15_2_for_Android_Multi_Abi-Debug/android-build/AndroidManifest.xml:70:17-73
80-->Qt_5_15_2_for_Android_Multi_Abi-Debug/android-build/AndroidManifest.xml:70:27-70
81                <category android:name="android.intent.category.DEFAULT" />
81-->Qt_5_15_2_for_Android_Multi_Abi-Debug/android-build/AndroidManifest.xml:71:17-76
81-->Qt_5_15_2_for_Android_Multi_Abi-Debug/android-build/AndroidManifest.xml:71:27-73
82            </intent-filter>
83
84            <!-- Qt library entry -->
85            <meta-data
85-->Qt_5_15_2_for_Android_Multi_Abi-Debug/android-build/AndroidManifest.xml:75:13-77:51
86                android:name="android.app.lib_name"
86-->Qt_5_15_2_for_Android_Multi_Abi-Debug/android-build/AndroidManifest.xml:76:17-52
87                android:value="CarInfotainment" />
87-->Qt_5_15_2_for_Android_Multi_Abi-Debug/android-build/AndroidManifest.xml:77:17-48
88            <meta-data
88-->Qt_5_15_2_for_Android_Multi_Abi-Debug/android-build/AndroidManifest.xml:79:13-81:56
89                android:name="android.app.qt_sources_resource_id"
89-->Qt_5_15_2_for_Android_Multi_Abi-Debug/android-build/AndroidManifest.xml:80:17-66
90                android:resource="@array/qt_sources" />
90-->Qt_5_15_2_for_Android_Multi_Abi-Debug/android-build/AndroidManifest.xml:81:17-53
91            <meta-data
91-->Qt_5_15_2_for_Android_Multi_Abi-Debug/android-build/AndroidManifest.xml:83:13-85:43
92                android:name="android.app.repository"
92-->Qt_5_15_2_for_Android_Multi_Abi-Debug/android-build/AndroidManifest.xml:84:17-54
93                android:value="default" />
93-->Qt_5_15_2_for_Android_Multi_Abi-Debug/android-build/AndroidManifest.xml:85:17-40
94            <meta-data
94-->Qt_5_15_2_for_Android_Multi_Abi-Debug/android-build/AndroidManifest.xml:87:13-89:53
95                android:name="android.app.qt_libs_resource_id"
95-->Qt_5_15_2_for_Android_Multi_Abi-Debug/android-build/AndroidManifest.xml:88:17-63
96                android:resource="@array/qt_libs" />
96-->Qt_5_15_2_for_Android_Multi_Abi-Debug/android-build/AndroidManifest.xml:89:17-50
97            <meta-data
97-->Qt_5_15_2_for_Android_Multi_Abi-Debug/android-build/AndroidManifest.xml:91:13-93:58
98                android:name="android.app.bundled_libs_resource_id"
98-->Qt_5_15_2_for_Android_Multi_Abi-Debug/android-build/AndroidManifest.xml:92:17-68
99                android:resource="@array/bundled_libs" />
99-->Qt_5_15_2_for_Android_Multi_Abi-Debug/android-build/AndroidManifest.xml:93:17-55
100            <meta-data
100-->Qt_5_15_2_for_Android_Multi_Abi-Debug/android-build/AndroidManifest.xml:95:13-97:37
101                android:name="android.app.bundle_local_qt_libs"
101-->Qt_5_15_2_for_Android_Multi_Abi-Debug/android-build/AndroidManifest.xml:96:17-64
102                android:value="1" />
102-->Qt_5_15_2_for_Android_Multi_Abi-Debug/android-build/AndroidManifest.xml:97:17-34
103            <meta-data
103-->Qt_5_15_2_for_Android_Multi_Abi-Debug/android-build/AndroidManifest.xml:99:13-101:37
104                android:name="android.app.use_local_qt_libs"
104-->Qt_5_15_2_for_Android_Multi_Abi-Debug/android-build/AndroidManifest.xml:100:17-61
105                android:value="1" />
105-->Qt_5_15_2_for_Android_Multi_Abi-Debug/android-build/AndroidManifest.xml:101:17-34
106            <meta-data
106-->Qt_5_15_2_for_Android_Multi_Abi-Debug/android-build/AndroidManifest.xml:103:13-105:55
107                android:name="android.app.libs_prefix"
107-->Qt_5_15_2_for_Android_Multi_Abi-Debug/android-build/AndroidManifest.xml:104:17-55
108                android:value="/data/local/tmp/qt/" />
108-->Qt_5_15_2_for_Android_Multi_Abi-Debug/android-build/AndroidManifest.xml:105:17-52
109            <meta-data
109-->Qt_5_15_2_for_Android_Multi_Abi-Debug/android-build/AndroidManifest.xml:107:13-109:61
110                android:name="android.app.load_local_libs_resource_id"
110-->Qt_5_15_2_for_Android_Multi_Abi-Debug/android-build/AndroidManifest.xml:108:17-71
111                android:resource="@array/load_local_libs" />
111-->Qt_5_15_2_for_Android_Multi_Abi-Debug/android-build/AndroidManifest.xml:109:17-58
112            <meta-data
112-->Qt_5_15_2_for_Android_Multi_Abi-Debug/android-build/AndroidManifest.xml:111:13-113:169
113                android:name="android.app.load_local_jars"
113-->Qt_5_15_2_for_Android_Multi_Abi-Debug/android-build/AndroidManifest.xml:112:17-59
114                android:value="jar/QtAndroid.jar:jar/QtAndroidBearer.jar:jar/QtAndroidExtras.jar:jar/QtMultimedia.jar:jar/QtPositioning.jar:jar/QtAndroidWebView.jar" />
114-->Qt_5_15_2_for_Android_Multi_Abi-Debug/android-build/AndroidManifest.xml:113:17-166
115            <meta-data
115-->Qt_5_15_2_for_Android_Multi_Abi-Debug/android-build/AndroidManifest.xml:115:13-117:142
116                android:name="android.app.static_init_classes"
116-->Qt_5_15_2_for_Android_Multi_Abi-Debug/android-build/AndroidManifest.xml:116:17-63
117                android:value="org.qtproject.qt5.android.multimedia.QtMultimediaUtils:org.qtproject.qt5.android.positioning.QtPositioning" />
117-->Qt_5_15_2_for_Android_Multi_Abi-Debug/android-build/AndroidManifest.xml:117:17-139
118
119            <!-- Qt error & info messages -->
120            <meta-data
120-->Qt_5_15_2_for_Android_Multi_Abi-Debug/android-build/AndroidManifest.xml:120:13-121:73
121                android:name="android.app.ministro_not_found_msg"
121-->Qt_5_15_2_for_Android_Multi_Abi-Debug/android-build/AndroidManifest.xml:120:24-73
122                android:value="@string/ministro_not_found_msg" />
122-->Qt_5_15_2_for_Android_Multi_Abi-Debug/android-build/AndroidManifest.xml:121:24-70
123            <meta-data
123-->Qt_5_15_2_for_Android_Multi_Abi-Debug/android-build/AndroidManifest.xml:123:13-124:70
124                android:name="android.app.ministro_needed_msg"
124-->Qt_5_15_2_for_Android_Multi_Abi-Debug/android-build/AndroidManifest.xml:123:24-70
125                android:value="@string/ministro_needed_msg" />
125-->Qt_5_15_2_for_Android_Multi_Abi-Debug/android-build/AndroidManifest.xml:124:24-67
126            <meta-data
126-->Qt_5_15_2_for_Android_Multi_Abi-Debug/android-build/AndroidManifest.xml:126:13-127:66
127                android:name="android.app.fatal_error_msg"
127-->Qt_5_15_2_for_Android_Multi_Abi-Debug/android-build/AndroidManifest.xml:126:24-66
128                android:value="@string/fatal_error_msg" />
128-->Qt_5_15_2_for_Android_Multi_Abi-Debug/android-build/AndroidManifest.xml:127:24-63
129            <meta-data
129-->Qt_5_15_2_for_Android_Multi_Abi-Debug/android-build/AndroidManifest.xml:129:13-130:78
130                android:name="android.app.unsupported_android_version"
130-->Qt_5_15_2_for_Android_Multi_Abi-Debug/android-build/AndroidManifest.xml:129:24-78
131                android:value="@string/unsupported_android_version" />
131-->Qt_5_15_2_for_Android_Multi_Abi-Debug/android-build/AndroidManifest.xml:130:24-75
132
133            <!-- Background behavior -->
134            <meta-data
134-->Qt_5_15_2_for_Android_Multi_Abi-Debug/android-build/AndroidManifest.xml:133:13-135:41
135                android:name="android.app.background_running"
135-->Qt_5_15_2_for_Android_Multi_Abi-Debug/android-build/AndroidManifest.xml:134:17-62
136                android:value="false" />
136-->Qt_5_15_2_for_Android_Multi_Abi-Debug/android-build/AndroidManifest.xml:135:17-38
137
138            <!-- DPI scaling -->
139            <meta-data
139-->Qt_5_15_2_for_Android_Multi_Abi-Debug/android-build/AndroidManifest.xml:138:13-140:41
140                android:name="android.app.auto_screen_scale_factor"
140-->Qt_5_15_2_for_Android_Multi_Abi-Debug/android-build/AndroidManifest.xml:139:17-68
141                android:value="false" />
141-->Qt_5_15_2_for_Android_Multi_Abi-Debug/android-build/AndroidManifest.xml:140:17-38
142
143            <!-- Android style extraction -->
144            <meta-data
144-->Qt_5_15_2_for_Android_Multi_Abi-Debug/android-build/AndroidManifest.xml:143:13-145:43
145                android:name="android.app.extract_android_style"
145-->Qt_5_15_2_for_Android_Multi_Abi-Debug/android-build/AndroidManifest.xml:144:17-65
146                android:value="default" />
146-->Qt_5_15_2_for_Android_Multi_Abi-Debug/android-build/AndroidManifest.xml:145:17-40
147        </activity>
148
149        <!-- Services can be added here if required -->
150        <receiver
150-->Qt_5_15_2_for_Android_Multi_Abi-Debug/android-build/AndroidManifest.xml:150:9-157:20
151            android:name="org.qtproject.example.BootReceiver"
151-->Qt_5_15_2_for_Android_Multi_Abi-Debug/android-build/AndroidManifest.xml:151:13-62
152            android:enabled="true"
152-->Qt_5_15_2_for_Android_Multi_Abi-Debug/android-build/AndroidManifest.xml:152:13-35
153            android:exported="true" >
153-->Qt_5_15_2_for_Android_Multi_Abi-Debug/android-build/AndroidManifest.xml:153:13-36
154            <intent-filter>
154-->Qt_5_15_2_for_Android_Multi_Abi-Debug/android-build/AndroidManifest.xml:154:13-156:29
155                <action android:name="android.intent.action.BOOT_COMPLETED" />
155-->Qt_5_15_2_for_Android_Multi_Abi-Debug/android-build/AndroidManifest.xml:155:17-78
155-->Qt_5_15_2_for_Android_Multi_Abi-Debug/android-build/AndroidManifest.xml:155:25-76
156            </intent-filter>
157        </receiver>
158    </application>
159
160</manifest>